  Assembling 0_Plantilla_.asm...
  Assembling 10_IntroMacros_.asm...
  Assembling 11_IntroMacrosV2_.asm...
  Assembling 12_IntroMacrosV3_.asm...
  Assembling 2_Prog_ReadWriteChar_.asm...
  Assembling 3_Prog_RandomaV1_.asm...
  Assembling 4_Prog_RandomV2_.asm...
  Assembling 5_Prog_RandomV3_.asm...
  Assembling 6_ReadString_.asm...
  Assembling 7_MsgBox_.asm...
  Assembling 8_MsgBoxAsk_.asm...
  Assembling 9_Delay_Clscr_.asm...
  Assembling 1_Proc_WaitMsg.asm...
0_Plantilla_.obj : warning LNK4258: la directiva '/ENTRY:main@0' no es compatible con el modificador '/ENTRY:main12'; se ha omitido
10_IntroMacros_.obj : warning LNK4258: la directiva '/ENTRY:main10@0' no es compatible con el modificador '/ENTRY:main12'; se ha omitido
11_IntroMacrosV2_.obj : warning LNK4258: la directiva '/ENTRY:main11@0' no es compatible con el modificador '/ENTRY:main12'; se ha omitido
12_IntroMacrosV3_.obj : warning LNK4258: la directiva '/ENTRY:main12@0' no es compatible con el modificador '/ENTRY:main12'; se ha omitido
2_Prog_ReadWriteChar_.obj : warning LNK4258: la directiva '/ENTRY:main2@0' no es compatible con el modificador '/ENTRY:main12'; se ha omitido
3_Prog_RandomaV1_.obj : warning LNK4258: la directiva '/ENTRY:main3@0' no es compatible con el modificador '/ENTRY:main12'; se ha omitido
4_Prog_RandomV2_.obj : warning LNK4258: la directiva '/ENTRY:main4@0' no es compatible con el modificador '/ENTRY:main12'; se ha omitido
5_Prog_RandomV3_.obj : warning LNK4258: la directiva '/ENTRY:main5@0' no es compatible con el modificador '/ENTRY:main12'; se ha omitido
6_ReadString_.obj : warning LNK4258: la directiva '/ENTRY:main6@0' no es compatible con el modificador '/ENTRY:main12'; se ha omitido
7_MsgBox_.obj : warning LNK4258: la directiva '/ENTRY:main7@0' no es compatible con el modificador '/ENTRY:main12'; se ha omitido
8_MsgBoxAsk_.obj : warning LNK4258: la directiva '/ENTRY:main8@0' no es compatible con el modificador '/ENTRY:main12'; se ha omitido
9_Delay_Clscr_.obj : warning LNK4258: la directiva '/ENTRY:main9@0' no es compatible con el modificador '/ENTRY:main12'; se ha omitido
1_Proc_WaitMsg.obj : warning LNK4258: la directiva '/ENTRY:main1@0' no es compatible con el modificador '/ENTRY:main12'; se ha omitido
  PM_0_ClaseU3.vcxproj -> D:\FI_Cloud\OneDrive - Universidad Autónoma de Tamaulipas\14_Periodo_2022_1\PM_CLASE\PM_0_ClaseU3\Debug\PM_0_ClaseU3.exe
