  Assembling 0_Plantilla_.asm...
  Assembling 10_SumaDe2Numeros_.asm...
  Assembling 11_SumaDe3Numeros_.asm...
  Assembling 12_SaltosIncondicionales.asm...
  Assembling 13_Ejemplo1_SaltosCondicionales_.asm...
  Assembling 14_checarMayorMenor_.asm...
  Assembling 15_IntroCiclos_.asm...
  Assembling 17_Factorial_.asm...
  Assembling 18_XalaY_.asm...
  Assembling 19_TablaMultiplicar1_.asm...
  Assembling 1_MOV_parte1_.asm...
  Assembling 20_TablaMultiplicar_Resuelve_.asm...
  Assembling 21_Intro_LOOP_.asm...
  Assembling 22_LeerMientrasPositivo_.asm...
  Assembling 23_CiclosAnidados_.asm...
  Assembling 24_ChecarNesPrimo_.asm...
  Assembling 25_ChecarPrimosEntreAyB_.asm...
  Assembling 2_MOV_parte2_.asm...
  Assembling 3_ADD_.asm...
  Assembling 4_SUB_.asm...
  Assembling 5_MUL_.asm...
  Assembling 6_DIV_.ASM...
  Assembling 7_EscrituraEnPantallaDeNumeros_.asm...
  Assembling 8_EscrituraTextoEnPantalla_.asm...
  Assembling 9_LeesNumerosDePantalla_.asm...
  Assembling 16_ImprimirNprimerosPares_.asm...
0_Plantilla_.obj : warning LNK4258: la directiva '/ENTRY:main@0' no es compatible con el modificador '/ENTRY:main25'; se ha omitido
10_SumaDe2Numeros_.obj : warning LNK4258: la directiva '/ENTRY:main10@0' no es compatible con el modificador '/ENTRY:main25'; se ha omitido
11_SumaDe3Numeros_.obj : warning LNK4258: la directiva '/ENTRY:main11@0' no es compatible con el modificador '/ENTRY:main25'; se ha omitido
12_SaltosIncondicionales.obj : warning LNK4258: la directiva '/ENTRY:main12@0' no es compatible con el modificador '/ENTRY:main25'; se ha omitido
13_Ejemplo1_SaltosCondicionales_.obj : warning LNK4258: la directiva '/ENTRY:main13@0' no es compatible con el modificador '/ENTRY:main25'; se ha omitido
14_checarMayorMenor_.obj : warning LNK4258: la directiva '/ENTRY:main14@0' no es compatible con el modificador '/ENTRY:main25'; se ha omitido
15_IntroCiclos_.obj : warning LNK4258: la directiva '/ENTRY:main15@0' no es compatible con el modificador '/ENTRY:main25'; se ha omitido
17_Factorial_.obj : warning LNK4258: la directiva '/ENTRY:main17@0' no es compatible con el modificador '/ENTRY:main25'; se ha omitido
18_XalaY_.obj : warning LNK4258: la directiva '/ENTRY:main18@0' no es compatible con el modificador '/ENTRY:main25'; se ha omitido
19_TablaMultiplicar1_.obj : warning LNK4258: la directiva '/ENTRY:main19@0' no es compatible con el modificador '/ENTRY:main25'; se ha omitido
1_MOV_parte1_.obj : warning LNK4258: la directiva '/ENTRY:main1@0' no es compatible con el modificador '/ENTRY:main25'; se ha omitido
20_TablaMultiplicar_Resuelve_.obj : warning LNK4258: la directiva '/ENTRY:main20@0' no es compatible con el modificador '/ENTRY:main25'; se ha omitido
21_Intro_LOOP_.obj : warning LNK4258: la directiva '/ENTRY:main21@0' no es compatible con el modificador '/ENTRY:main25'; se ha omitido
22_LeerMientrasPositivo_.obj : warning LNK4258: la directiva '/ENTRY:main22@0' no es compatible con el modificador '/ENTRY:main25'; se ha omitido
23_CiclosAnidados_.obj : warning LNK4258: la directiva '/ENTRY:main23@0' no es compatible con el modificador '/ENTRY:main25'; se ha omitido
24_ChecarNesPrimo_.obj : warning LNK4258: la directiva '/ENTRY:main24@0' no es compatible con el modificador '/ENTRY:main25'; se ha omitido
25_ChecarPrimosEntreAyB_.obj : warning LNK4258: la directiva '/ENTRY:main25@0' no es compatible con el modificador '/ENTRY:main25'; se ha omitido
2_MOV_parte2_.obj : warning LNK4258: la directiva '/ENTRY:main2@0' no es compatible con el modificador '/ENTRY:main25'; se ha omitido
3_ADD_.obj : warning LNK4258: la directiva '/ENTRY:main3@0' no es compatible con el modificador '/ENTRY:main25'; se ha omitido
4_SUB_.obj : warning LNK4258: la directiva '/ENTRY:main4@0' no es compatible con el modificador '/ENTRY:main25'; se ha omitido
5_MUL_.obj : warning LNK4258: la directiva '/ENTRY:main5@0' no es compatible con el modificador '/ENTRY:main25'; se ha omitido
6_DIV_.obj : warning LNK4258: la directiva '/ENTRY:main6@0' no es compatible con el modificador '/ENTRY:main25'; se ha omitido
7_EscrituraEnPantallaDeNumeros_.obj : warning LNK4258: la directiva '/ENTRY:main7@0' no es compatible con el modificador '/ENTRY:main25'; se ha omitido
8_EscrituraTextoEnPantalla_.obj : warning LNK4258: la directiva '/ENTRY:main8@0' no es compatible con el modificador '/ENTRY:main25'; se ha omitido
9_LeesNumerosDePantalla_.obj : warning LNK4258: la directiva '/ENTRY:main9@0' no es compatible con el modificador '/ENTRY:main25'; se ha omitido
16_ImprimirNprimerosPares_.obj : warning LNK4258: la directiva '/ENTRY:main16@0' no es compatible con el modificador '/ENTRY:main25'; se ha omitido
  PM_0_ClaseU2.vcxproj -> D:\FI_Cloud\OneDrive - Universidad Autónoma de Tamaulipas\14_Periodo_2022_1\PM_CLASE\PM_0_ClaseU2\Debug\PM_0_ClaseU2.exe
